[02-Jan-2023 15:21:24 UTC] PHP Warning:  Undefined array key "data" in C:\Users\B-IT\Local Sites\wptestproject\app\public\wp-content\plugins\elementor\core\common\modules\ajax\module.php on line 171
[02-Jan-2023 15:23:16 UTC] PHP Warning:  Undefined array key 0 in C:\Users\B-IT\Local Sites\wptestproject\app\public\wp-content\plugins\elementor-pro\modules\dynamic-tags\acf\tags\acf-url.php on line 34
[02-Jan-2023 15:23:16 UTC] PHP Warning:  Undefined array key 1 in C:\Users\B-IT\Local Sites\wptestproject\app\public\wp-content\plugins\elementor-pro\modules\dynamic-tags\acf\tags\acf-url.php on line 34
[02-Jan-2023 15:23:36 UTC] PHP Warning:  Undefined array key 0 in C:\Users\B-IT\Local Sites\wptestproject\app\public\wp-content\plugins\elementor-pro\modules\dynamic-tags\acf\tags\acf-url.php on line 34
[02-Jan-2023 15:23:36 UTC] PHP Warning:  Undefined array key 1 in C:\Users\B-IT\Local Sites\wptestproject\app\public\wp-content\plugins\elementor-pro\modules\dynamic-tags\acf\tags\acf-url.php on line 34
[02-Jan-2023 15:26:06 UTC] PHP Warning:  Undefined array key "data" in C:\Users\B-IT\Local Sites\wptestproject\app\public\wp-content\plugins\elementor\core\common\modules\ajax\module.php on line 171
[02-Jan-2023 15:37:42 UTC] PHP Warning:  An unexpected error occurred. Something may be wrong with WordPress.org or this server&#8217;s configuration. If you continue to have problems, please try the <a href="https://wordpress.org/support/forums/">support forums</a>. (WordPress could not establish a secure connection to WordPress.org. Please contact your server administrator.) in C:\Users\B-IT\Local Sites\wptestproject\app\public\wp-includes\update.php on line 728
[02-Jan-2023 15:41:50 UTC] PHP Warning:  Undefined array key "data" in C:\Users\B-IT\Local Sites\wptestproject\app\public\wp-content\plugins\elementor\core\common\modules\ajax\module.php on line 171
[02-Jan-2023 15:43:24 UTC] PHP Warning:  Undefined array key "data" in C:\Users\B-IT\Local Sites\wptestproject\app\public\wp-content\plugins\elementor\core\common\modules\ajax\module.php on line 171
[02-Jan-2023 15:49:28 UTC] PHP Warning:  Undefined array key 0 in C:\Users\B-IT\Local Sites\wptestproject\app\public\wp-content\plugins\elementor-pro\modules\dynamic-tags\acf\tags\acf-image.php on line 40
[02-Jan-2023 15:49:28 UTC] PHP Warning:  Undefined array key 1 in C:\Users\B-IT\Local Sites\wptestproject\app\public\wp-content\plugins\elementor-pro\modules\dynamic-tags\acf\tags\acf-image.php on line 40
[02-Jan-2023 15:50:02 UTC] PHP Warning:  Undefined array key 0 in C:\Users\B-IT\Local Sites\wptestproject\app\public\wp-content\plugins\elementor-pro\modules\dynamic-tags\acf\tags\acf-url.php on line 34
[02-Jan-2023 15:50:02 UTC] PHP Warning:  Undefined array key 1 in C:\Users\B-IT\Local Sites\wptestproject\app\public\wp-content\plugins\elementor-pro\modules\dynamic-tags\acf\tags\acf-url.php on line 34
[02-Jan-2023 15:50:24 UTC] PHP Warning:  Undefined array key 0 in C:\Users\B-IT\Local Sites\wptestproject\app\public\wp-content\plugins\elementor-pro\modules\dynamic-tags\acf\tags\acf-image.php on line 40
[02-Jan-2023 15:50:24 UTC] PHP Warning:  Undefined array key 1 in C:\Users\B-IT\Local Sites\wptestproject\app\public\wp-content\plugins\elementor-pro\modules\dynamic-tags\acf\tags\acf-image.php on line 40
[02-Jan-2023 15:50:25 UTC] PHP Warning:  Undefined array key 0 in C:\Users\B-IT\Local Sites\wptestproject\app\public\wp-content\plugins\elementor-pro\modules\dynamic-tags\acf\tags\acf-image.php on line 40
[02-Jan-2023 15:50:25 UTC] PHP Warning:  Undefined array key 1 in C:\Users\B-IT\Local Sites\wptestproject\app\public\wp-content\plugins\elementor-pro\modules\dynamic-tags\acf\tags\acf-image.php on line 40
[02-Jan-2023 15:50:25 UTC] PHP Warning:  Undefined array key 0 in C:\Users\B-IT\Local Sites\wptestproject\app\public\wp-content\plugins\elementor-pro\modules\dynamic-tags\acf\tags\acf-url.php on line 34
[02-Jan-2023 15:50:25 UTC] PHP Warning:  Undefined array key 1 in C:\Users\B-IT\Local Sites\wptestproject\app\public\wp-content\plugins\elementor-pro\modules\dynamic-tags\acf\tags\acf-url.php on line 34
[02-Jan-2023 15:50:26 UTC] PHP Warning:  Undefined array key 0 in C:\Users\B-IT\Local Sites\wptestproject\app\public\wp-content\plugins\elementor-pro\modules\dynamic-tags\acf\tags\acf-image.php on line 40
[02-Jan-2023 15:50:26 UTC] PHP Warning:  Undefined array key 1 in C:\Users\B-IT\Local Sites\wptestproject\app\public\wp-content\plugins\elementor-pro\modules\dynamic-tags\acf\tags\acf-image.php on line 40
[02-Jan-2023 15:51:23 UTC] PHP Warning:  Undefined array key 0 in C:\Users\B-IT\Local Sites\wptestproject\app\public\wp-content\plugins\elementor-pro\modules\dynamic-tags\acf\tags\acf-text.php on line 33
[02-Jan-2023 15:51:23 UTC] PHP Warning:  Undefined array key 1 in C:\Users\B-IT\Local Sites\wptestproject\app\public\wp-content\plugins\elementor-pro\modules\dynamic-tags\acf\tags\acf-text.php on line 33
[02-Jan-2023 15:53:56 UTC] PHP Warning:  Undefined array key "data" in C:\Users\B-IT\Local Sites\wptestproject\app\public\wp-content\plugins\elementor\core\common\modules\ajax\module.php on line 171
[02-Jan-2023 15:55:59 UTC] PHP Warning:  Undefined array key 0 in C:\Users\B-IT\Local Sites\wptestproject\app\public\wp-content\plugins\elementor-pro\modules\dynamic-tags\acf\tags\acf-image.php on line 40
[02-Jan-2023 15:55:59 UTC] PHP Warning:  Undefined array key 1 in C:\Users\B-IT\Local Sites\wptestproject\app\public\wp-content\plugins\elementor-pro\modules\dynamic-tags\acf\tags\acf-image.php on line 40
[02-Jan-2023 16:03:00 UTC] PHP Warning:  Undefined array key "data" in C:\Users\B-IT\Local Sites\wptestproject\app\public\wp-content\plugins\elementor\core\common\modules\ajax\module.php on line 171
[02-Jan-2023 16:06:51 UTC] PHP Warning:  Undefined array key "data" in C:\Users\B-IT\Local Sites\wptestproject\app\public\wp-content\plugins\elementor\core\common\modules\ajax\module.php on line 171
[02-Jan-2023 16:06:52 UTC] PHP Fatal error:  Uncaught Error: Cannot use object of type WP_Error as array in C:\Users\B-IT\Local Sites\wptestproject\app\public\wp-content\plugins\elementor\includes\template-library\sources\local.php:864
Stack trace:
#0 C:\Users\B-IT\Local Sites\wptestproject\app\public\wp-content\plugins\elementor\includes\template-library\manager.php(441): Elementor\TemplateLibrary\Source_Local->import_template('xpro-theme-buil...', 'C:\\Windows\\Temp...')
#1 C:\Users\B-IT\Local Sites\wptestproject\app\public\wp-content\plugins\elementor\includes\template-library\manager.php(630): Elementor\TemplateLibrary\Manager->direct_import_template(Array)
#2 C:\Users\B-IT\Local Sites\wptestproject\app\public\wp-includes\class-wp-hook.php(308): Elementor\TemplateLibrary\Manager->handle_direct_actions('')
#3 C:\Users\B-IT\Local Sites\wptestproject\app\public\wp-includes\class-wp-hook.php(332): WP_Hook->apply_filters('', Array)
#4 C:\Users\B-IT\Local Sites\wptestproject\app\public\wp-includes\plugin.php(517): WP_Hook->do_action(Array)
#5 C:\Users\B-IT\Local Sites\wptestproject\app\public\wp-admin\admin-ajax.php(188): do_action('wp_ajax_element...')
#6 {main}
  thrown in C:\Users\B-IT\Local Sites\wptestproject\app\public\wp-content\plugins\elementor\includes\template-library\sources\local.php on line 864
[02-Jan-2023 16:10:37 UTC] PHP Warning:  Undefined array key "data" in C:\Users\B-IT\Local Sites\wptestproject\app\public\wp-content\plugins\elementor\core\common\modules\ajax\module.php on line 171
[02-Jan-2023 16:14:50 UTC] PHP Warning:  Undefined array key "data" in C:\Users\B-IT\Local Sites\wptestproject\app\public\wp-content\plugins\elementor\core\common\modules\ajax\module.php on line 171
[02-Jan-2023 16:16:56 UTC] PHP Warning:  Undefined array key 0 in C:\Users\B-IT\Local Sites\wptestproject\app\public\wp-content\plugins\elementor-pro\modules\dynamic-tags\acf\tags\acf-url.php on line 34
[02-Jan-2023 16:16:56 UTC] PHP Warning:  Undefined array key 1 in C:\Users\B-IT\Local Sites\wptestproject\app\public\wp-content\plugins\elementor-pro\modules\dynamic-tags\acf\tags\acf-url.php on line 34
[02-Jan-2023 16:17:05 UTC] PHP Warning:  Undefined array key "data" in C:\Users\B-IT\Local Sites\wptestproject\app\public\wp-content\plugins\elementor\core\common\modules\ajax\module.php on line 171
[02-Jan-2023 16:28:04 UTC] PHP Warning:  Undefined array key 0 in C:\Users\B-IT\Local Sites\wptestproject\app\public\wp-content\plugins\elementor-pro\modules\dynamic-tags\acf\tags\acf-image.php on line 40
[02-Jan-2023 16:28:04 UTC] PHP Warning:  Undefined array key 1 in C:\Users\B-IT\Local Sites\wptestproject\app\public\wp-content\plugins\elementor-pro\modules\dynamic-tags\acf\tags\acf-image.php on line 40
[02-Jan-2023 16:29:08 UTC] PHP Warning:  Undefined array key 0 in C:\Users\B-IT\Local Sites\wptestproject\app\public\wp-content\plugins\elementor-pro\modules\dynamic-tags\acf\tags\acf-text.php on line 33
[02-Jan-2023 16:29:08 UTC] PHP Warning:  Undefined array key 1 in C:\Users\B-IT\Local Sites\wptestproject\app\public\wp-content\plugins\elementor-pro\modules\dynamic-tags\acf\tags\acf-text.php on line 33
[02-Jan-2023 16:32:26 UTC] PHP Warning:  Undefined array key 0 in C:\Users\B-IT\Local Sites\wptestproject\app\public\wp-content\plugins\elementor-pro\modules\dynamic-tags\acf\tags\acf-image.php on line 40
[02-Jan-2023 16:32:26 UTC] PHP Warning:  Undefined array key 1 in C:\Users\B-IT\Local Sites\wptestproject\app\public\wp-content\plugins\elementor-pro\modules\dynamic-tags\acf\tags\acf-image.php on line 40
[02-Jan-2023 16:50:25 UTC] PHP Warning:  Undefined array key "data" in C:\Users\B-IT\Local Sites\wptestproject\app\public\wp-content\plugins\elementor\core\common\modules\ajax\module.php on line 171
[02-Jan-2023 16:54:31 UTC] PHP Fatal error:  Uncaught Error: Undefined constant "SECURE_AUTH_KEY" in C:\Users\B-IT\Local Sites\wptestproject\app\public\wp-content\plugins\royal-elementor-addons\freemius\includes\class-freemius.php:4061
Stack trace:
#0 C:\Users\B-IT\Local Sites\wptestproject\app\public\wp-content\plugins\royal-elementor-addons\freemius\includes\class-freemius.php(3912): Freemius->get_anonymous_id(NULL)
#1 C:\Users\B-IT\Local Sites\wptestproject\app\public\wp-content\plugins\royal-elementor-addons\freemius\includes\class-freemius.php(3964): Freemius->ping()
#2 C:\Users\B-IT\Local Sites\wptestproject\app\public\wp-content\plugins\royal-elementor-addons\freemius\includes\class-freemius.php(4818): Freemius->has_api_connectivity()
#3 C:\Users\B-IT\Local Sites\wptestproject\app\public\wp-content\plugins\royal-elementor-addons\freemius\start.php(522): Freemius->dynamic_init(Array)
#4 C:\Users\B-IT\Local Sites\wptestproject\app\public\wp-content\plugins\royal-elementor-addons\wpr-addons.php(54): fs_dynamic_init(Array)
#5 C:\Users\B-IT\Local Sites\wptestproject\app\public\wp-content\plugins\royal-elementor-addons\wpr-addons.php(78): wpr_fs()
#6 C:\Users\B-IT\Local Sites\wptestproject\app\public\wp-admin\includes\plugin.php(2314): include_once('C:\\Users\\B-IT\\L...')
#7 C:\Users\B-IT\Local Sites\wptestproject\app\public\wp-admin\includes\plugin.php(661): plugin_sandbox_scrape('royal-elementor...')
#8 C:\Users\B-IT\Local Sites\wptestproject\app\public\wp-admin\plugins.php(58): activate_plugin('royal-elementor...', 'http://wptestpr...', false)
#9 {main}
  thrown in C:\Users\B-IT\Local Sites\wptestproject\app\public\wp-content\plugins\royal-elementor-addons\freemius\includes\class-freemius.php on line 4061
[02-Jan-2023 16:54:31 UTC] PHP Fatal error:  Uncaught Error: Undefined constant "SECURE_AUTH_KEY" in C:\Users\B-IT\Local Sites\wptestproject\app\public\wp-content\plugins\royal-elementor-addons\freemius\includes\class-freemius.php:4061
Stack trace:
#0 C:\Users\B-IT\Local Sites\wptestproject\app\public\wp-content\plugins\royal-elementor-addons\freemius\includes\class-freemius.php(3912): Freemius->get_anonymous_id(NULL)
#1 C:\Users\B-IT\Local Sites\wptestproject\app\public\wp-content\plugins\royal-elementor-addons\freemius\includes\class-freemius.php(3964): Freemius->ping()
#2 C:\Users\B-IT\Local Sites\wptestproject\app\public\wp-content\plugins\royal-elementor-addons\freemius\includes\class-freemius.php(4818): Freemius->has_api_connectivity()
#3 C:\Users\B-IT\Local Sites\wptestproject\app\public\wp-content\plugins\royal-elementor-addons\freemius\start.php(522): Freemius->dynamic_init(Array)
#4 C:\Users\B-IT\Local Sites\wptestproject\app\public\wp-content\plugins\royal-elementor-addons\wpr-addons.php(54): fs_dynamic_init(Array)
#5 C:\Users\B-IT\Local Sites\wptestproject\app\public\wp-content\plugins\royal-elementor-addons\wpr-addons.php(78): wpr_fs()
#6 C:\Users\B-IT\Local Sites\wptestproject\app\public\wp-admin\includes\plugin.php(2314): include_once('C:\\Users\\B-IT\\L...')
#7 C:\Users\B-IT\Local Sites\wptestproject\app\public\wp-admin\plugins.php(192): plugin_sandbox_scrape('royal-elementor...')
#8 {main}
  thrown in C:\Users\B-IT\Local Sites\wptestproject\app\public\wp-content\plugins\royal-elementor-addons\freemius\includes\class-freemius.php on line 4061
[02-Jan-2023 16:54:32 UTC] PHP Fatal error:  Uncaught Error: Undefined constant "SECURE_AUTH_KEY" in C:\Users\B-IT\Local Sites\wptestproject\app\public\wp-content\plugins\royal-elementor-addons\freemius\includes\class-freemius.php:4061
Stack trace:
#0 C:\Users\B-IT\Local Sites\wptestproject\app\public\wp-content\plugins\royal-elementor-addons\freemius\includes\class-freemius.php(3912): Freemius->get_anonymous_id(NULL)
#1 C:\Users\B-IT\Local Sites\wptestproject\app\public\wp-content\plugins\royal-elementor-addons\freemius\includes\class-freemius.php(3964): Freemius->ping()
#2 C:\Users\B-IT\Local Sites\wptestproject\app\public\wp-content\plugins\royal-elementor-addons\freemius\includes\class-freemius.php(4818): Freemius->has_api_connectivity()
#3 C:\Users\B-IT\Local Sites\wptestproject\app\public\wp-content\plugins\royal-elementor-addons\freemius\start.php(522): Freemius->dynamic_init(Array)
#4 C:\Users\B-IT\Local Sites\wptestproject\app\public\wp-content\plugins\royal-elementor-addons\wpr-addons.php(54): fs_dynamic_init(Array)
#5 C:\Users\B-IT\Local Sites\wptestproject\app\public\wp-content\plugins\royal-elementor-addons\wpr-addons.php(78): wpr_fs()
#6 C:\Users\B-IT\Local Sites\wptestproject\app\public\wp-admin\includes\plugin.php(2314): include_once('C:\\Users\\B-IT\\L...')
#7 C:\Users\B-IT\Local Sites\wptestproject\app\public\wp-admin\plugins.php(192): plugin_sandbox_scrape('royal-elementor...')
#8 {main}
  thrown in C:\Users\B-IT\Local Sites\wptestproject\app\public\wp-content\plugins\royal-elementor-addons\freemius\includes\class-freemius.php on line 4061
[02-Jan-2023 17:28:29 UTC] PHP Warning:  Undefined array key "data" in C:\Users\B-IT\Local Sites\wptestproject\app\public\wp-content\plugins\elementor\core\common\modules\ajax\module.php on line 172
[02-Jan-2023 12:26:48 UTC] PHP Warning:  Undefined array key "data" in C:\Users\B-IT\Local Sites\wptestproject\app\public\wp-content\plugins\elementor\core\common\modules\ajax\module.php on line 171
[02-Jan-2023 12:28:29 UTC] PHP Warning:  Undefined array key "data" in C:\Users\B-IT\Local Sites\wptestproject\app\public\wp-content\plugins\elementor\core\common\modules\ajax\module.php on line 171
[02-Jan-2023 12:36:33 UTC] PHP Warning:  Undefined array key 0 in C:\Users\B-IT\Local Sites\wptestproject\app\public\wp-content\plugins\elementor-pro\modules\dynamic-tags\acf\tags\acf-image.php on line 40
[02-Jan-2023 12:36:33 UTC] PHP Warning:  Undefined array key 1 in C:\Users\B-IT\Local Sites\wptestproject\app\public\wp-content\plugins\elementor-pro\modules\dynamic-tags\acf\tags\acf-image.php on line 40
[02-Jan-2023 13:08:00 UTC] PHP Warning:  Undefined array key 0 in C:\Users\B-IT\Local Sites\wptestproject\app\public\wp-content\plugins\elementor-pro\modules\dynamic-tags\acf\tags\acf-text.php on line 33
[02-Jan-2023 13:08:00 UTC] PHP Warning:  Undefined array key 1 in C:\Users\B-IT\Local Sites\wptestproject\app\public\wp-content\plugins\elementor-pro\modules\dynamic-tags\acf\tags\acf-text.php on line 33
[04-Jan-2023 12:21:15 UTC] PHP Warning:  Undefined array key 0 in C:\Users\B-IT\Local Sites\wptestproject\app\public\wp-content\plugins\elementor-pro\modules\dynamic-tags\acf\tags\acf-image.php on line 40
[04-Jan-2023 12:21:15 UTC] PHP Warning:  Undefined array key 1 in C:\Users\B-IT\Local Sites\wptestproject\app\public\wp-content\plugins\elementor-pro\modules\dynamic-tags\acf\tags\acf-image.php on line 40
[04-Jan-2023 12:27:29 UTC] PHP Warning:  Undefined array key 0 in C:\Users\B-IT\Local Sites\wptestproject\app\public\wp-content\plugins\elementor-pro\modules\dynamic-tags\acf\tags\acf-text.php on line 33
[04-Jan-2023 12:27:29 UTC] PHP Warning:  Undefined array key 1 in C:\Users\B-IT\Local Sites\wptestproject\app\public\wp-content\plugins\elementor-pro\modules\dynamic-tags\acf\tags\acf-text.php on line 33
[04-Jan-2023 12:52:58 UTC] PHP Warning:  Undefined array key 0 in C:\Users\B-IT\Local Sites\wptestproject\app\public\wp-content\plugins\elementor-pro\modules\dynamic-tags\acf\tags\acf-image.php on line 40
[04-Jan-2023 12:52:58 UTC] PHP Warning:  Undefined array key 1 in C:\Users\B-IT\Local Sites\wptestproject\app\public\wp-content\plugins\elementor-pro\modules\dynamic-tags\acf\tags\acf-image.php on line 40
[04-Jan-2023 12:53:17 UTC] PHP Warning:  Undefined array key 1 in C:\Users\B-IT\Local Sites\wptestproject\app\public\wp-content\plugins\elementor-pro\modules\dynamic-tags\acf\module.php on line 130
[04-Jan-2023 12:55:46 UTC] PHP Warning:  Undefined array key 0 in C:\Users\B-IT\Local Sites\wptestproject\app\public\wp-content\plugins\elementor-pro\modules\dynamic-tags\acf\tags\acf-text.php on line 33
[04-Jan-2023 12:55:46 UTC] PHP Warning:  Undefined array key 1 in C:\Users\B-IT\Local Sites\wptestproject\app\public\wp-content\plugins\elementor-pro\modules\dynamic-tags\acf\tags\acf-text.php on line 33
[04-Jan-2023 13:12:07 UTC] PHP Warning:  Undefined array key 0 in C:\Users\B-IT\Local Sites\wptestproject\app\public\wp-content\plugins\elementor-pro\modules\dynamic-tags\acf\tags\acf-url.php on line 34
[04-Jan-2023 13:12:07 UTC] PHP Warning:  Undefined array key 1 in C:\Users\B-IT\Local Sites\wptestproject\app\public\wp-content\plugins\elementor-pro\modules\dynamic-tags\acf\tags\acf-url.php on line 34
[04-Jan-2023 13:27:00 UTC] PHP Warning:  Undefined array key 0 in C:\Users\B-IT\Local Sites\wptestproject\app\public\wp-content\plugins\elementor-pro\modules\dynamic-tags\acf\tags\acf-image.php on line 40
[04-Jan-2023 13:27:00 UTC] PHP Warning:  Undefined array key 1 in C:\Users\B-IT\Local Sites\wptestproject\app\public\wp-content\plugins\elementor-pro\modules\dynamic-tags\acf\tags\acf-image.php on line 40
[04-Jan-2023 13:46:02 UTC] PHP Warning:  Undefined array key 0 in C:\Users\B-IT\Local Sites\wptestproject\app\public\wp-content\plugins\elementor-pro\modules\dynamic-tags\acf\tags\acf-text.php on line 33
[04-Jan-2023 13:46:02 UTC] PHP Warning:  Undefined array key 1 in C:\Users\B-IT\Local Sites\wptestproject\app\public\wp-content\plugins\elementor-pro\modules\dynamic-tags\acf\tags\acf-text.php on line 33
[05-Jan-2023 15:42:15 UTC] PHP Warning:  Undefined array key "data" in C:\Users\B-IT\Local Sites\wptestproject\app\public\wp-content\plugins\elementor\core\common\modules\ajax\module.php on line 171
[05-Jan-2023 15:59:39 UTC] PHP Warning:  Undefined array key "data" in C:\Users\B-IT\Local Sites\wptestproject\app\public\wp-content\plugins\elementor\core\common\modules\ajax\module.php on line 171
[05-Jan-2023 16:06:30 UTC] PHP Warning:  Undefined array key "data" in C:\Users\B-IT\Local Sites\wptestproject\app\public\wp-content\plugins\elementor\core\common\modules\ajax\module.php on line 171
[05-Jan-2023 16:37:40 UTC] PHP Warning:  Undefined array key 0 in C:\Users\B-IT\Local Sites\wptestproject\app\public\wp-content\plugins\elementor-pro\modules\dynamic-tags\acf\tags\acf-text.php on line 33
[05-Jan-2023 16:37:40 UTC] PHP Warning:  Undefined array key 1 in C:\Users\B-IT\Local Sites\wptestproject\app\public\wp-content\plugins\elementor-pro\modules\dynamic-tags\acf\tags\acf-text.php on line 33
[05-Jan-2023 16:39:46 UTC] PHP Warning:  Undefined array key 0 in C:\Users\B-IT\Local Sites\wptestproject\app\public\wp-content\plugins\elementor-pro\modules\dynamic-tags\acf\tags\acf-image.php on line 40
[05-Jan-2023 16:39:46 UTC] PHP Warning:  Undefined array key 1 in C:\Users\B-IT\Local Sites\wptestproject\app\public\wp-content\plugins\elementor-pro\modules\dynamic-tags\acf\tags\acf-image.php on line 40
[05-Jan-2023 09:03:57 UTC] PHP Warning:  Undefined array key 0 in C:\Users\B-IT\Local Sites\wptestproject\app\public\wp-content\plugins\elementor-pro\modules\dynamic-tags\acf\tags\acf-image.php on line 40
[05-Jan-2023 09:03:57 UTC] PHP Warning:  Undefined array key 1 in C:\Users\B-IT\Local Sites\wptestproject\app\public\wp-content\plugins\elementor-pro\modules\dynamic-tags\acf\tags\acf-image.php on line 40
[05-Jan-2023 09:07:20 UTC] PHP Warning:  Undefined array key 0 in C:\Users\B-IT\Local Sites\wptestproject\app\public\wp-content\plugins\elementor-pro\modules\dynamic-tags\acf\tags\acf-text.php on line 33
[05-Jan-2023 09:07:20 UTC] PHP Warning:  Undefined array key 1 in C:\Users\B-IT\Local Sites\wptestproject\app\public\wp-content\plugins\elementor-pro\modules\dynamic-tags\acf\tags\acf-text.php on line 33
[05-Jan-2023 09:21:29 UTC] PHP Warning:  Undefined array key 0 in C:\Users\B-IT\Local Sites\wptestproject\app\public\wp-content\plugins\elementor-pro\modules\dynamic-tags\acf\tags\acf-text.php on line 33
[05-Jan-2023 09:21:29 UTC] PHP Warning:  Undefined array key 1 in C:\Users\B-IT\Local Sites\wptestproject\app\public\wp-content\plugins\elementor-pro\modules\dynamic-tags\acf\tags\acf-text.php on line 33
[05-Jan-2023 09:53:38 UTC] PHP Warning:  Undefined array key "data" in C:\Users\B-IT\Local Sites\wptestproject\app\public\wp-content\plugins\elementor\core\common\modules\ajax\module.php on line 171
